{"I:\\LOCAL\\Avantica-blog\\src\\components\\layout\\Categories\\Categories.js": {"path":"I:\\LOCAL\\Avantica-blog\\src\\components\\layout\\Categories\\Categories.js","statementMap":{"0":{"start":{"line":6,"column":8},"end":{"line":40,"column":9}}},"fnMap":{"0":{"name":"(anonymous_0)","decl":{"start":{"line":5,"column":4},"end":{"line":5,"column":5}},"loc":{"start":{"line":5,"column":13},"end":{"line":41,"column":5}},"line":5}},"branchMap":{},"s":{"0":1},"f":{"0":1},"b":{},"_coverageSchema":"332fd63041d2c1bcb487cc26dd0d5f7d97098a6c","hash":"a8db5d209ce01eaf1222373e5d6cd7c65d6dc366"}
,"I:\\LOCAL\\Avantica-blog\\src\\components\\layout\\NavBar\\NavBar.js": {"path":"I:\\LOCAL\\Avantica-blog\\src\\components\\layout\\NavBar\\NavBar.js","statementMap":{"0":{"start":{"line":5,"column":8},"end":{"line":25,"column":9}}},"fnMap":{"0":{"name":"(anonymous_0)","decl":{"start":{"line":4,"column":4},"end":{"line":4,"column":5}},"loc":{"start":{"line":4,"column":13},"end":{"line":26,"column":5}},"line":4}},"branchMap":{},"s":{"0":1},"f":{"0":1},"b":{},"_coverageSchema":"332fd63041d2c1bcb487cc26dd0d5f7d97098a6c","hash":"100de1e95c8313d32c392af43f2e109535d7310e"}
}
